JvmtiExport can_access_local_variables 0
JvmtiExport can_hotswap_or_post_breakpoint 0
JvmtiExport can_post_on_exceptions 0
# 694 ciObject found
ciMethod java/lang/Object <init> ()V 4097 1 28995952 0 0
ciMethod java/lang/Object getClass ()Ljava/lang/Class; 2049 1 256 0 -1
ciMethod java/lang/Class getComponentType ()Ljava/lang/Class; 3089 1 386 0 -1
ciMethod java/lang/System arraycopy (Ljava/lang/Object;ILjava/lang/Object;II)V 5121 1 640 0 -1
ciMethod java/util/Map isEmpty ()Z 0 0 1 0 -1
ciMethod java/util/Map containsKey (Ljava/lang/Object;)Z 0 0 1 0 -1
ciMethod java/util/Map get (Ljava/lang/Object;)Ljava/lang/Object; 0 0 1 0 -1
ciMethod java/util/Map put (Ljava/lang/Object;Ljava/lang/Object;)Ljava/lang/Object; 0 0 1 0 -1
ciMethod java/lang/invoke/DirectMethodHandle internalMemberName (Ljava/lang/Object;)Ljava/lang/Object; 2065 1 2073957 0 -1
ciMethod java/lang/StringBuilder <init> ()V 953 1 167545 0 -1
ciMethod java/lang/StringBuilder append (Ljava/lang/String;)Ljava/lang/StringBuilder; 2049 1 387179 0 -1
ciMethod java/lang/StringBuilder toString ()Ljava/lang/String; 1049 1 179835 0 -1
ciMethod java/lang/Double doubleToRawLongBits (D)J 2337 1 292 0 -1
ciMethod java/lang/Double longBitsToDouble (J)D 1297 1 162 0 -1
ciMethod java/lang/Integer valueOf (I)Ljava/lang/Integer; 73 1 4024620 0 -1
ciMethod java/lang/Integer compare (II)I 2297 1 2068785 0 64
ciMethod java/util/Comparator compare (Ljava/lang/Object;Ljava/lang/Object;)I 0 0 1 0 -1
ciMethod java/util/Comparator comparingInt (Ljava/util/function/ToIntFunction;)Ljava/util/Comparator; 4097 1 86486 0 0
ciMethod java/lang/Iterable forEach (Ljava/util/function/Consumer;)V 2049 89 45276 0 -1
ciMethod java/util/Collection isEmpty ()Z 0 0 1 0 -1
ciMethod java/util/Collection iterator ()Ljava/util/Iterator; 0 0 1 0 -1
ciMethod java/util/Collection toArray ()[Ljava/lang/Object; 0 0 1 0 -1
ciMethod java/util/Collection removeIf (Ljava/util/function/Predicate;)Z 4097 673 75597 0 -1
ciMethod java/util/List size ()I 0 0 1 0 -1
ciMethod java/util/List isEmpty ()Z 0 0 1 0 -1
ciMethod java/util/List iterator ()Ljava/util/Iterator; 0 0 1 0 -1
ciMethod java/util/List get (I)Ljava/lang/Object; 0 0 1 0 -1
ciMethod java/util/AbstractList <init> ()V 2049 1 3372640 0 32
ciMethod java/util/AbstractList listIterator ()Ljava/util/ListIterator; 2065 1 4013363 0 -1
ciMethod java/util/AbstractList listIterator (I)Ljava/util/ListIterator; 449 1 56 0 -1
ciMethod java/util/AbstractCollection <init> ()V 2289 1 6185768 0 32
ciMethod java/util/AbstractCollection size ()I 0 0 1 0 -1
ciMethod java/util/AbstractCollection isEmpty ()Z 2065 1 1019051 0 -1
ciMethod java/util/ArrayList <init> ()V 1449 1 2259480 0 64
ciMethod java/util/ArrayList <init> (Ljava/util/Collection;)V 2073 1 5389 0 384
ciMethod java/util/ArrayList calculateCapacity ([Ljava/lang/Object;I)I 1833 1 752612 0 0
ciMethod java/util/ArrayList ensureCapacityInternal (I)V 1825 1 752577 0 0
ciMethod java/util/ArrayList ensureExplicitCapacity (I)V 1833 1 752909 0 544
ciMethod java/util/ArrayList grow (I)V 497 1 5186 0 544
ciMethod java/util/ArrayList hugeCapacity (I)I 0 0 1 0 -1
ciMethod java/util/ArrayList size ()I 1081 1 135 0 0
ciMethod java/util/ArrayList isEmpty ()Z 2081 1 132094 0 64
ciMethod java/util/ArrayList add (Ljava/lang/Object;)Z 1809 1 724213 0 768
ciMethod java/util/ArrayList addAll (Ljava/util/Collection;)Z 25 1 22278 0 0
ciMethod java/util/ArrayList iterator ()Ljava/util/Iterator; 2049 1 482254 0 160
ciMethod java/util/ArrayList sort (Ljava/util/Comparator;)V 2049 1 64851 0 0
ciMethod java/util/ArrayList access$000 (Ljava/util/ArrayList;)I 1025 1 128 0 0
ciMethod java/util/Collections binarySearch (Ljava/util/List;Ljava/lang/Object;)I 4097 1 11974 0 -1
ciMethod java/util/Collections unmodifiableList (Ljava/util/List;)Ljava/util/List; 1153 1 9216617 0 -1
ciMethod java/util/Set isEmpty ()Z 0 0 1 0 -1
ciMethod java/util/Set contains (Ljava/lang/Object;)Z 0 0 1 0 -1
ciMethod java/util/Set iterator ()Ljava/util/Iterator; 0 0 1 0 -1
ciMethod java/util/Set add (Ljava/lang/Object;)Z 0 0 1 0 -1
ciMethod java/util/Collections$UnmodifiableList get (I)Ljava/lang/Object; 2049 1 5404 0 -1
ciMethod java/util/Collections$UnmodifiableCollection isEmpty ()Z 2849 1 281127 0 -1
ciMethod java/util/HashMap isEmpty ()Z 2057 1 153731 0 -1
ciMethod java/util/HashMap keySet ()Ljava/util/Set; 2057 1 21562 0 -1
ciMethod java/util/Map$Entry getValue ()Ljava/lang/Object; 0 0 1 0 -1
ciMethod java/util/HashMap$Node getKey ()Ljava/lang/Object; 1121 1 140 0 -1
ciMethod java/lang/Math ceil (D)D 2241 1 816245 0 0
ciMethod java/lang/Math max (II)I 1049 1 437468 0 -1
ciMethod java/lang/Math max (JJ)J 3073 1 274379 0 64
ciMethod java/lang/Math min (II)I 3505 1 1358551 0 -1
ciMethod java/lang/Math getExponent (D)I 2049 1 5423 0 0
ciMethod java/util/Objects requireNonNull (Ljava/lang/Object;)Ljava/lang/Object; 2153 1 1396982 0 64
ciMethod java/util/Iterator hasNext ()Z 0 0 1 0 -1
ciMethod java/util/Iterator next ()Ljava/lang/Object; 0 0 1 0 -1
ciMethod java/util/Iterator remove ()V 0 0 1 0 -1
ciMethod java/util/Arrays rangeCheck (III)V 2049 1 5380 0 128
ciMethod java/util/Arrays sort ([Ljava/lang/Object;II)V 9 1 3 0 -1
ciMethod java/util/Arrays sort ([Ljava/lang/Object;IILjava/util/Comparator;)V 113 1 66302 0 0
ciMethod java/util/Arrays legacyMergeSort ([Ljava/lang/Object;IILjava/util/Comparator;)V 0 0 1 0 -1
ciMethod java/util/Arrays copyOf ([Ljava/lang/Object;I)[Ljava/lang/Object; 2049 1 27175 0 384
ciMethod java/util/Arrays copyOf ([Ljava/lang/Object;ILjava/lang/Class;)[Ljava/lang/Object; 3073 1 6544 0 -1
ciMethodData java/lang/Object <init> ()V 2 28995960 orig 264 88 29 240 104 0 0 0 0 128 4 25 20 0 0 0 0 32 1 0 0 0 0 0 0 0 0 0 0 0 0 0 0 0 0 0 0 0 0 0 0 0 0 0 0 0 0 0 0 0 0 0 0 0 0 0 0 0 0 0 0 0 0 0 0 0 0 0 0 0 0 0 0 0 0 0 0 0 0 0 0 77 68 79 32 101 120 116 114 97 32 100 97 116 97 32 108 111 99 107 0 0 0 0 0 0 0 0 0 0 0 0 0 0 0 0 0 0 0 0 0 0 0 0 0 0 0 0 0 0 0 0 0 0 0 0 0 0 0 0 0 0 0 0 0 0 0 0 0 0 0 0 0 0 0 0 0 0 0 0 0 0 0 0 0 0 0 0 0 0 0 0 0 0 0 0 0 0 0 0 0 0 0 0 0 1 0 0 0 0 0 0 0 1 0 0 0 0 0 0 0 1 0 0 0 0 0 0 0 0 0 0 0 0 0 0 0 0 2 0 0 193 123 211 13 1 0 0 0 0 0 0 0 0 0 0 0 2 0 0 0 0 0 3 0 1 0 0 0 0 0 0 0 255 255 255 255 0 0 0 0 0 0 0 0 data 0 oops 0
ciMethod java/util/Collections$SetFromMap contains (Ljava/lang/Object;)Z 3089 1 146565 0 -1
ciMethod java/util/Collections$SetFromMap add (Ljava/lang/Object;)Z 2049 1 16676 0 -1
ciMethod java/lang/reflect/Array newInstance (Ljava/lang/Class;I)Ljava/lang/Object; 2881 1 15523 0 0
ciMethod java/lang/reflect/Array newArray (Ljava/lang/Class;I)Ljava/lang/Object; 3081 1 385 0 -1
ciMethod java/util/ListIterator hasNext ()Z 0 0 1 0 -1
ciMethod java/util/ListIterator next ()Ljava/lang/Object; 0 0 1 0 -1
ciMethod java/util/ListIterator previous ()Ljava/lang/Object; 0 0 1 0 -1
ciMethod java/util/ListIterator remove ()V 0 0 1 0 -1
ciMethod java/util/ListIterator add (Ljava/lang/Object;)V 0 0 1 0 -1
ciMethod java/util/HashSet iterator ()Ljava/util/Iterator; 2065 1 12678 0 -1
ciMethod java/util/HashSet isEmpty ()Z 3073 1 25946 0 -1
ciMethod java/util/HashSet clear ()V 2089 1 4253 0 -1
ciMethod java/lang/invoke/MethodHandle linkToStatic (Ljava/lang/Object;Ljava/lang/invoke/MemberName;)Ljava/lang/Object; 0 0 1 0 -1
ciMethod java/lang/invoke/MethodHandle linkToStatic (Ljava/lang/Object;Ljava/lang/Object;Ljava/lang/invoke/MemberName;)Ljava/lang/Object; 0 0 1 0 -1
ciMethod java/util/ArrayList$Itr <init> (Ljava/util/ArrayList;)V 2057 1 485785 0 96
ciMethod java/util/ArrayList$Itr hasNext ()Z 2049 1 438344 0 96
ciMethod java/util/ArrayList$Itr next ()Ljava/lang/Object; 2049 1 5669 0 224
ciMethod java/util/ArrayList$Itr checkForComodification ()V 2041 1 5815 0 0
ciMethodData java/util/Objects requireNonNull (Ljava/lang/Object;)Ljava/lang/Object; 2 1396982 orig 264 88 29 240 104 0 0 0 0 176 211 40 20 0 0 0 0 80 1 0 0 0 0 0 0 0 0 0 0 0 0 0 0 0 0 0 0 0 0 0 0 0 0 0 0 0 0 0 0 0 0 0 0 0 0 0 0 0 0 0 0 0 0 0 0 0 0 0 0 0 0 0 0 0 0 0 0 0 0 0 0 77 68 79 32 101 120 116 114 97 32 100 97 116 97 32 108 111 99 107 0 0 0 0 0 0 0 0 0 0 0 0 0 0 0 0 0 0 0 0 0 0 0 0 0 0 0 0 0 0 0 0 0 0 0 0 0 0 0 0 0 0 0 0 0 0 0 0 0 0 0 0 0 0 0 0 0 0 0 0 0 0 0 0 0 0 0 0 0 0 0 0 0 0 0 0 0 0 0 0 0 0 0 0 0 27 0 0 0 0 0 0 0 0 0 0 0 0 0 0 0 1 0 0 0 0 0 0 0 1 0 0 0 0 0 0 0 13 1 0 0 73 127 170 0 1 0 0 0 0 0 0 0 0 0 0 0 2 0 0 0 0 0 5 0 2 0 0 0 48 0 0 0 255 255 255 255 7 0 1 0 0 0 0 0 data 6 0x10007 0x155030 0x30 0x0 0x80002 0x0 oops 0
ciMethod java/lang/invoke/MethodHandle invokeBasic (Ljava/lang/Object;)Ljava/lang/Object; 0 0 1 0 -1
ciMethod java/lang/invoke/MethodHandle invokeBasic ()Ljava/lang/Object; 0 0 1 0 -1
ciMethod java/lang/invoke/MethodHandle invokeBasic (Ljava/lang/Object;Ljava/lang/Object;)Ljava/lang/Object; 0 0 1 0 -1
ciMethodData java/util/ArrayList add (Ljava/lang/Object;)Z 2 724214 orig 264 88 29 240 104 0 0 0 0 56 34 38 20 0 0 0 0 144 1 0 0 0 0 0 0 0 0 0 0 0 0 0 0 0 0 0 0 0 0 0 0 0 0 0 0 0 0 0 0 0 0 0 0 0 0 0 0 0 0 0 0 0 0 0 0 0 0 0 0 0 0 0 0 0 0 0 0 0 0 0 0 77 68 79 32 101 120 116 114 97 32 100 97 116 97 32 108 111 99 107 0 0 0 0 0 0 0 0 0 0 0 0 0 0 0 0 0 0 0 0 0 0 0 0 0 0 0 0 0 0 0 0 0 0 0 0 0 0 0 0 0 0 0 0 0 0 0 0 0 0 0 0 0 0 0 0 0 0 0 0 0 0 0 0 0 0 0 0 0 0 0 0 0 0 0 0 0 0 0 0 0 0 0 0 0 17 0 0 0 0 0 0 0 0 0 0 0 0 0 0 0 1 0 0 0 0 0 0 0 0 0 0 0 0 0 0 0 226 0 0 0 161 96 88 0 1 0 0 0 0 0 0 0 0 0 0 0 2 0 0 0 0 0 15 0 2 0 0 0 64 0 0 0 255 255 255 255 2 0 7 0 0 0 0 0 data 8 0x70002 0xb0c2d 0x1a0104 0x0 0x1cfce300 0x41 0x23d2370 0x272 oops 2